<?xml version="1.0" encoding="UTF-8"?>
<!-- Generated by org.testng.reporters.JUnitReportReporter -->
<testsuite hostname="LAPTOP-U6VEVR7H" failures="0" tests="1" name="com.saucedemoTESTclasses.TC01VerifyLoginTestClass" time="3.902" errors="0" timestamp="2022-08-09T13:58:14 IST" skipped="0">
  <testcase classname="com.saucedemoTESTclasses.TC01VerifyLoginTestClass" name="verifylogin" time="3.902"/>
  <system-out/>
</testsuite> <!-- com.saucedemoTESTclasses.TC01VerifyLoginTestClass -->
